2026-03-14T00:00:48.271+05:30  INFO 23592 --- [CUSTOMER_SERVICE] [restartedMain] com.msedcl.main.customer.Application     : Starting Application using Java 25.0.1 with PID 23592 (C:\Users\bornt\OneDrive\Documents\MSCB Training\Spring Microservices\01_Customer_Service\target\classes started by bornt in C:\Users\bornt\OneDrive\Documents\MSCB Training\Spring Microservices\01_Customer_Service)
2026-03-14T00:00:48.277+05:30  INFO 23592 --- [CUSTOMER_SERVICE] [restartedMain] com.msedcl.main.customer.Application     : No active profile set, falling back to 1 default profile: "default"
2026-03-14T00:00:48.300+05:30  INFO 23592 --- [CUSTOMER_SERVICE] [restartedMain] .e.DevToolsPropertyDefaultsPostProcessor : Devtools property defaults active! Set 'spring.devtools.add-properties' to 'false' to disable
2026-03-14T00:00:48.300+05:30  INFO 23592 --- [CUSTOMER_SERVICE] [restartedMain] .e.DevToolsPropertyDefaultsPostProcessor : For additional web related logging consider setting the 'logging.level.web' property to 'DEBUG'
2026-03-14T00:00:48.723+05:30  INFO 23592 --- [CUSTOMER_SERVICE] [restartedMain] .s.d.r.c.RepositoryConfigurationDelegate : Bootstrapping Spring Data JPA repositories in DEFAULT mode.
2026-03-14T00:00:48.750+05:30  INFO 23592 --- [CUSTOMER_SERVICE] [restartedMain] .s.d.r.c.RepositoryConfigurationDelegate : Finished Spring Data repository scanning in 22 ms. Found 1 JPA repository interface.
2026-03-14T00:00:49.031+05:30  INFO 23592 --- [CUSTOMER_SERVICE] [restartedMain] o.s.boot.tomcat.TomcatWebServer          : Tomcat initialized with port 8181 (http)
2026-03-14T00:00:49.038+05:30  INFO 23592 --- [CUSTOMER_SERVICE] [restartedMain] o.apache.catalina.core.StandardService   : Starting service [Tomcat]
2026-03-14T00:00:49.038+05:30  INFO 23592 --- [CUSTOMER_SERVICE] [restartedMain] o.apache.catalina.core.StandardEngine    : Starting Servlet engine: [Apache Tomcat/11.0.18]
2026-03-14T00:00:49.058+05:30  INFO 23592 --- [CUSTOMER_SERVICE] [restartedMain] b.w.c.s.WebApplicationContextInitializer : Root WebApplicationContext: initialization completed in 758 ms
2026-03-14T00:00:49.159+05:30  INFO 23592 --- [CUSTOMER_SERVICE] [restartedMain] com.zaxxer.hikari.HikariDataSource       : HikariPool-1 - Starting...
2026-03-14T00:00:49.341+05:30  INFO 23592 --- [CUSTOMER_SERVICE] [restartedMain] com.zaxxer.hikari.pool.HikariPool        : HikariPool-1 - Added connection com.mysql.cj.jdbc.ConnectionImpl@3f7814c5
2026-03-14T00:00:49.342+05:30  INFO 23592 --- [CUSTOMER_SERVICE] [restartedMain] com.zaxxer.hikari.HikariDataSource       : HikariPool-1 - Start completed.
2026-03-14T00:00:49.356+05:30  INFO 23592 --- [CUSTOMER_SERVICE] [restartedMain] org.hibernate.orm.jpa                    : HHH008540: Processing PersistenceUnitInfo [name: default]
2026-03-14T00:00:49.378+05:30  INFO 23592 --- [CUSTOMER_SERVICE] [restartedMain] org.hibernate.orm.core                   : HHH000001: Hibernate ORM core version 7.2.4.Final
2026-03-14T00:00:49.576+05:30  INFO 23592 --- [CUSTOMER_SERVICE] [restartedMain] o.s.o.j.p.SpringPersistenceUnitInfo      : No LoadTimeWeaver setup: ignoring JPA class transformer
2026-03-14T00:00:49.625+05:30  INFO 23592 --- [CUSTOMER_SERVICE] [restartedMain] org.hibernate.orm.connections.pooling    : HHH10001005: Database info:
	Database JDBC URL [jdbc:mysql://localhost:3306/customer_db]
	Database driver: MySQL Connector/J
	Database dialect: MySQLDialect
	Database version: 9.4
	Default catalog/schema: customer_db/undefined
	Autocommit mode: undefined/unknown
	Isolation level: REPEATABLE_READ [default REPEATABLE_READ]
	JDBC fetch size: none
	Pool: DataSourceConnectionProvider
	Minimum pool size: undefined/unknown
	Maximum pool size: undefined/unknown
2026-03-14T00:00:50.000+05:30  INFO 23592 --- [CUSTOMER_SERVICE] [restartedMain] org.hibernate.orm.core                   : HHH000489: No JTA platform available (set 'hibernate.transaction.jta.platform' to enable JTA platform integration)
2026-03-14T00:00:50.003+05:30  INFO 23592 --- [CUSTOMER_SERVICE] [restartedMain] j.LocalContainerEntityManagerFactoryBean : Initialized JPA EntityManagerFactory for persistence unit 'default'
2026-03-14T00:00:50.039+05:30  INFO 23592 --- [CUSTOMER_SERVICE] [restartedMain] o.s.d.j.r.query.QueryEnhancerFactories   : Hibernate is in classpath; If applicable, HQL parser will be used.
2026-03-14T00:00:50.167+05:30  WARN 23592 --- [CUSTOMER_SERVICE] [restartedMain] JpaBaseConfiguration$JpaWebConfiguration : spring.jpa.open-in-view is enabled by default. Therefore, database queries may be performed during view rendering. Explicitly configure spring.jpa.open-in-view to disable this warning
2026-03-14T00:00:50.446+05:30  INFO 23592 --- [CUSTOMER_SERVICE] [restartedMain] o.s.b.a.e.web.EndpointLinksResolver      : Exposing 1 endpoint beneath base path '/actuator'
2026-03-14T00:00:50.482+05:30  INFO 23592 --- [CUSTOMER_SERVICE] [restartedMain] o.s.boot.tomcat.TomcatWebServer          : Tomcat started on port 8181 (http) with context path '/'
2026-03-14T00:00:50.486+05:30  INFO 23592 --- [CUSTOMER_SERVICE] [restartedMain] com.msedcl.main.customer.Application     : Started Application in 2.404 seconds (process running for 2.748)
2026-03-14T00:00:50.489+05:30  WARN 23592 --- [CUSTOMER_SERVICE] [restartedMain] o.s.core.events.SpringDocAppInitializer  : SpringDoc /v3/api-docs endpoint is enabled by default. To disable it in production, set the property 'springdoc.api-docs.enabled=false'
2026-03-14T00:00:50.490+05:30  WARN 23592 --- [CUSTOMER_SERVICE] [restartedMain] o.s.core.events.SpringDocAppInitializer  : SpringDoc /swagger-ui.html endpoint is enabled by default. To disable it in production, set the property 'springdoc.swagger-ui.enabled=false'
2026-03-14T00:00:51.031+05:30  INFO 23592 --- [CUSTOMER_SERVICE] [RMI TCP Connection(9)-127.0.0.1] o.a.c.c.C.[Tomcat].[localhost].[/]       : Initializing Spring DispatcherServlet 'dispatcherServlet'
2026-03-14T00:00:51.031+05:30  INFO 23592 --- [CUSTOMER_SERVICE] [RMI TCP Connection(9)-127.0.0.1] o.s.web.servlet.DispatcherServlet        : Initializing Servlet 'dispatcherServlet'
2026-03-14T00:00:51.032+05:30  INFO 23592 --- [CUSTOMER_SERVICE] [RMI TCP Connection(9)-127.0.0.1] o.s.web.servlet.DispatcherServlet        : Completed initialization in 1 ms
2026-03-14T00:12:38.835+05:30  INFO 23592 --- [CUSTOMER_SERVICE] [RMI TCP Connection(23)-127.0.0.1] inMXBeanRegistrar$SpringApplicationAdmin : Application shutdown requested.
2026-03-14T00:12:38.839+05:30  INFO 23592 --- [CUSTOMER_SERVICE] [RMI TCP Connection(23)-127.0.0.1] o.s.boot.tomcat.GracefulShutdown         : Commencing graceful shutdown. Waiting for active requests to complete
2026-03-14T00:12:38.846+05:30  INFO 23592 --- [CUSTOMER_SERVICE] [tomcat-shutdown] o.s.boot.tomcat.GracefulShutdown         : Graceful shutdown complete
2026-03-14T00:12:38.852+05:30  INFO 23592 --- [CUSTOMER_SERVICE] [RMI TCP Connection(23)-127.0.0.1] j.LocalContainerEntityManagerFactoryBean : Closing JPA EntityManagerFactory for persistence unit 'default'
2026-03-14T00:12:38.855+05:30  INFO 23592 --- [CUSTOMER_SERVICE] [RMI TCP Connection(23)-127.0.0.1] com.zaxxer.hikari.HikariDataSource       : HikariPool-1 - Shutdown initiated...
2026-03-14T00:12:38.859+05:30  INFO 23592 --- [CUSTOMER_SERVICE] [RMI TCP Connection(23)-127.0.0.1] com.zaxxer.hikari.HikariDataSource       : HikariPool-1 - Shutdown completed.
